c:\users\milan\downloads\sprac_stat_nezamest\sprac_stat_nezamest\x64\release\vc140.pdb
c:\users\milan\downloads\sprac_stat_nezamest\sprac_stat_nezamest\x64\release\uchadzaciinfo.obj
c:\users\milan\downloads\sprac_stat_nezamest\sprac_stat_nezamest\x64\release\vector.obj
c:\users\milan\downloads\sprac_stat_nezamest\sprac_stat_nezamest\x64\release\structure.obj
c:\users\milan\downloads\sprac_stat_nezamest\sprac_stat_nezamest\x64\release\memory_routines.obj
c:\users\milan\downloads\sprac_stat_nezamest\sprac_stat_nezamest\x64\release\ds_routines.obj
c:\users\milan\downloads\sprac_stat_nezamest\sprac_stat_nezamest\x64\release\okres.obj
c:\users\milan\downloads\sprac_stat_nezamest\sprac_stat_nezamest\x64\release\nezamestnanostiinfo.obj
c:\users\milan\downloads\sprac_stat_nezamest\sprac_stat_nezamest\x64\release\main.obj
c:\users\milan\downloads\sprac_stat_nezamest\sprac_stat_nezamest\x64\release\dataparser.obj
c:\users\milan\downloads\sprac_stat_nezamest\sprac_stat_nezamest\x64\release\comparators.obj
c:\users\milan\downloads\sprac_stat_nezamest\sprac_stat_nezamest\x64\release\aplikacia.obj
c:\users\milan\downloads\sprac_stat_nezamest\x64\release\sprac_stat_nezamest.exe
c:\users\milan\downloads\sprac_stat_nezamest\x64\release\sprac_stat_nezamest.ipdb
c:\users\milan\downloads\sprac_stat_nezamest\x64\release\sprac_stat_nezamest.iobj
c:\users\milan\downloads\sprac_stat_nezamest\x64\release\sprac_stat_nezamest.pdb
c:\users\milan\downloads\sprac_stat_nezamest\sprac_stat_nezamest\x64\release\sprac_st.10a06e0d.tlog\cl.command.1.tlog
c:\users\milan\downloads\sprac_stat_nezamest\sprac_stat_nezamest\x64\release\sprac_st.10a06e0d.tlog\cl.read.1.tlog
c:\users\milan\downloads\sprac_stat_nezamest\sprac_stat_nezamest\x64\release\sprac_st.10a06e0d.tlog\cl.write.1.tlog
c:\users\milan\downloads\sprac_stat_nezamest\sprac_stat_nezamest\x64\release\sprac_st.10a06e0d.tlog\link.command.1.tlog
c:\users\milan\downloads\sprac_stat_nezamest\sprac_stat_nezamest\x64\release\sprac_st.10a06e0d.tlog\link.read.1.tlog
c:\users\milan\downloads\sprac_stat_nezamest\sprac_stat_nezamest\x64\release\sprac_st.10a06e0d.tlog\link.write.1.tlog
