c:\users\matus\onedrive\us\semestralka2\sprac_stat_nezamest\sprac_stat_nezamest\x64\debug\vc140.pdb
c:\users\matus\onedrive\us\semestralka2\sprac_stat_nezamest\sprac_stat_nezamest\x64\debug\vc140.idb
c:\users\matus\onedrive\us\semestralka2\sprac_stat_nezamest\sprac_stat_nezamest\x64\debug\aplikacia.obj
c:\users\matus\onedrive\us\semestralka2\sprac_stat_nezamest\sprac_stat_nezamest\x64\debug\comparators.obj
c:\users\matus\onedrive\us\semestralka2\sprac_stat_nezamest\sprac_stat_nezamest\x64\debug\dataparser.obj
c:\users\matus\onedrive\us\semestralka2\sprac_stat_nezamest\sprac_stat_nezamest\x64\debug\main.obj
c:\users\matus\onedrive\us\semestralka2\sprac_stat_nezamest\sprac_stat_nezamest\x64\debug\nezamestnanostiinfo.obj
c:\users\matus\onedrive\us\semestralka2\sprac_stat_nezamest\sprac_stat_nezamest\x64\debug\okres.obj
c:\users\matus\onedrive\us\semestralka2\sprac_stat_nezamest\sprac_stat_nezamest\x64\debug\ds_routines.obj
c:\users\matus\onedrive\us\semestralka2\sprac_stat_nezamest\sprac_stat_nezamest\x64\debug\memory_routines.obj
c:\users\matus\onedrive\us\semestralka2\sprac_stat_nezamest\sprac_stat_nezamest\x64\debug\structure.obj
c:\users\matus\onedrive\us\semestralka2\sprac_stat_nezamest\sprac_stat_nezamest\x64\debug\vector.obj
c:\users\matus\onedrive\us\semestralka2\sprac_stat_nezamest\sprac_stat_nezamest\x64\debug\uchadzaciinfo.obj
c:\users\matus\onedrive\us\semestralka2\sprac_stat_nezamest\x64\debug\sprac_stat_nezamest.ilk
c:\users\matus\onedrive\us\semestralka2\sprac_stat_nezamest\x64\debug\sprac_stat_nezamest.exe
c:\users\matus\onedrive\us\semestralka2\sprac_stat_nezamest\x64\debug\sprac_stat_nezamest.pdb
c:\users\matus\onedrive\us\semestralka2\sprac_stat_nezamest\sprac_stat_nezamest\x64\debug\sprac_st.10a06e0d.tlog\cl.command.1.tlog
c:\users\matus\onedrive\us\semestralka2\sprac_stat_nezamest\sprac_stat_nezamest\x64\debug\sprac_st.10a06e0d.tlog\cl.read.1.tlog
c:\users\matus\onedrive\us\semestralka2\sprac_stat_nezamest\sprac_stat_nezamest\x64\debug\sprac_st.10a06e0d.tlog\cl.write.1.tlog
c:\users\matus\onedrive\us\semestralka2\sprac_stat_nezamest\sprac_stat_nezamest\x64\debug\sprac_st.10a06e0d.tlog\link.command.1.tlog
c:\users\matus\onedrive\us\semestralka2\sprac_stat_nezamest\sprac_stat_nezamest\x64\debug\sprac_st.10a06e0d.tlog\link.read.1.tlog
c:\users\matus\onedrive\us\semestralka2\sprac_stat_nezamest\sprac_stat_nezamest\x64\debug\sprac_st.10a06e0d.tlog\link.write.1.tlog
