e:\fri it\2.ročník\4.semester\údajové štruktúry\semestrálka 1\nová složka\velkoskladminvod\velkoskladminvod\debug\vc140.pdb
e:\fri it\2.ročník\4.semester\údajové štruktúry\semestrálka 1\nová složka\velkoskladminvod\velkoskladminvod\debug\vc140.idb
e:\fri it\2.ročník\4.semester\údajové štruktúry\semestrálka 1\nová složka\velkoskladminvod\velkoskladminvod\debug\aplikacia.obj
e:\fri it\2.ročník\4.semester\údajové štruktúry\semestrálka 1\nová složka\velkoskladminvod\velkoskladminvod\debug\dodavatel.obj
e:\fri it\2.ročník\4.semester\údajové štruktúry\semestrálka 1\nová složka\velkoskladminvod\velkoskladminvod\debug\dodavka.obj
e:\fri it\2.ročník\4.semester\údajové štruktúry\semestrálka 1\nová složka\velkoskladminvod\velkoskladminvod\debug\dsroutines.obj
e:\fri it\2.ročník\4.semester\údajové štruktúry\semestrálka 1\nová složka\velkoskladminvod\velkoskladminvod\debug\eankod.obj
e:\fri it\2.ročník\4.semester\údajové štruktúry\semestrálka 1\nová složka\velkoskladminvod\velkoskladminvod\debug\main.obj
e:\fri it\2.ročník\4.semester\údajové štruktúry\semestrálka 1\nová složka\velkoskladminvod\velkoskladminvod\debug\mineralnavoda.obj
e:\fri it\2.ročník\4.semester\údajové štruktúry\semestrálka 1\nová složka\velkoskladminvod\velkoskladminvod\debug\poziadavka.obj
e:\fri it\2.ročník\4.semester\údajové štruktúry\semestrálka 1\nová složka\velkoskladminvod\velkoskladminvod\debug\polozkapoziadavky.obj
e:\fri it\2.ročník\4.semester\údajové štruktúry\semestrálka 1\nová složka\velkoskladminvod\velkoskladminvod\debug\predajna.obj
e:\fri it\2.ročník\4.semester\údajové štruktúry\semestrálka 1\nová složka\velkoskladminvod\velkoskladminvod\debug\structure.obj
e:\fri it\2.ročník\4.semester\údajové štruktúry\semestrálka 1\nová složka\velkoskladminvod\velkoskladminvod\debug\vector.obj
e:\fri it\2.ročník\4.semester\údajové štruktúry\semestrálka 1\nová složka\velkoskladminvod\velkoskladminvod\debug\velkosklad.obj
e:\fri it\2.ročník\4.semester\údajové štruktúry\semestrálka 1\nová složka\velkoskladminvod\velkoskladminvod\debug\zakaznik.obj
e:\fri it\2.ročník\4.semester\údajové štruktúry\semestrálka 1\nová složka\velkoskladminvod\debug\velkoskladminvod.pdb
e:\fri it\2.ročník\4.semester\údajové štruktúry\semestrálka 1\nová složka\velkoskladminvod\velkoskladminvod\debug\velkoskladminvod.tlog\cl.command.1.tlog
e:\fri it\2.ročník\4.semester\údajové štruktúry\semestrálka 1\nová složka\velkoskladminvod\velkoskladminvod\debug\velkoskladminvod.tlog\cl.read.1.tlog
e:\fri it\2.ročník\4.semester\údajové štruktúry\semestrálka 1\nová složka\velkoskladminvod\velkoskladminvod\debug\velkoskladminvod.tlog\cl.write.1.tlog
e:\fri it\2.ročník\4.semester\údajové štruktúry\semestrálka 1\nová složka\velkoskladminvod\velkoskladminvod\debug\velkoskladminvod.tlog\link-cvtres.read.1.tlog
e:\fri it\2.ročník\4.semester\údajové štruktúry\semestrálka 1\nová složka\velkoskladminvod\velkoskladminvod\debug\velkoskladminvod.tlog\link-cvtres.write.1.tlog
e:\fri it\2.ročník\4.semester\údajové štruktúry\semestrálka 1\nová složka\velkoskladminvod\velkoskladminvod\debug\velkoskladminvod.tlog\link-rc.read.1.tlog
e:\fri it\2.ročník\4.semester\údajové štruktúry\semestrálka 1\nová složka\velkoskladminvod\velkoskladminvod\debug\velkoskladminvod.tlog\link-rc.write.1.tlog
e:\fri it\2.ročník\4.semester\údajové štruktúry\semestrálka 1\nová složka\velkoskladminvod\velkoskladminvod\debug\velkoskladminvod.tlog\link.command.1.tlog
e:\fri it\2.ročník\4.semester\údajové štruktúry\semestrálka 1\nová složka\velkoskladminvod\velkoskladminvod\debug\velkoskladminvod.tlog\link.read.1.tlog
e:\fri it\2.ročník\4.semester\údajové štruktúry\semestrálka 1\nová složka\velkoskladminvod\velkoskladminvod\debug\velkoskladminvod.tlog\link.write.1.tlog
